I, [2015-06-02T15:31:16.383938 #51644]  INFO -- vaquero_io: Elapsed (0m0.00s)
I, [2015-06-02T15:31:22.862630 #51684]  INFO -- vaquero_io: Elapsed (0m0.00s)
I, [2015-06-02T15:31:47.851127 #51729]  INFO -- vaquero_io: Elapsed (0m0.00s)
I, [2015-06-02T15:35:23.360462 #51774]  INFO -- vaquero_io: Elapsed (0m0.00s)
I, [2015-06-02T15:39:18.288826 #51908]  INFO -- vaquero_io: Elapsed (0m0.00s)
I, [2015-06-02T15:41:11.981764 #51972]  INFO -- vaquero_io: Elapsed (0m0.00s)
I, [2015-06-02T15:41:32.027764 #52010]  INFO -- vaquero_io: Elapsed (0m0.00s)
I, [2015-06-02T15:41:48.115269 #52048]  INFO -- vaquero_io: Elapsed (0m0.00s)
I, [2015-06-02T15:42:04.808885 #52086]  INFO -- vaquero_io: Elapsed (0m0.00s)
I, [2015-06-02T15:42:13.093136 #52123]  INFO -- vaquero_io: Elapsed (0m0.00s)
I, [2015-06-02T15:56:07.755652 #52524]  INFO -- vaquero_io: Elapsed (0m0.00s)
I, [2015-06-02T15:57:08.935572 #52564]  INFO -- vaquero_io: Elapsed (0m0.00s)
I, [2015-06-02T15:57:23.164070 #52608]  INFO -- vaquero_io: Elapsed (0m0.00s)
F, [2015-06-03T10:01:01.826133 #54023] FATAL -- vaquero_io: undefined method `source_root' for VaqueroIo::Command::Init:Class
F, [2015-06-03T10:01:01.884633 #54023] FATAL -- vaquero_io: undefined method `source_root' for VaqueroIo::Command::Init:Class (NoMethodError)
/Users/ncheneweth/Documents/toolkit/vaquero_io/lib/vaquero_io/command/init.rb:16:in `call'
/Users/ncheneweth/Documents/toolkit/vaquero_io/lib/vaquero_io/cli.rb:21:in `block in do_command'
/Users/ncheneweth/.rbenv/versions/2.2.0/lib/ruby/2.2.0/benchmark.rb:288:in `measure'
/Users/ncheneweth/Documents/toolkit/vaquero_io/lib/vaquero_io/cli.rb:13:in `do_command'
/Users/ncheneweth/Documents/toolkit/vaquero_io/lib/vaquero_io/cli.rb:51:in `init'
/Users/ncheneweth/.rbenv/versions/2.2.0/lib/ruby/gems/2.2.0/gems/thor-0.19.1/lib/thor/command.rb:27:in `run'
/Users/ncheneweth/.rbenv/versions/2.2.0/lib/ruby/gems/2.2.0/gems/thor-0.19.1/lib/thor/invocation.rb:126:in `invoke_command'
/Users/ncheneweth/.rbenv/versions/2.2.0/lib/ruby/gems/2.2.0/gems/thor-0.19.1/lib/thor.rb:359:in `dispatch'
/Users/ncheneweth/.rbenv/versions/2.2.0/lib/ruby/gems/2.2.0/gems/thor-0.19.1/lib/thor/base.rb:440:in `start'
bin/vaquero_io:25:in `block in <main>'
/Users/ncheneweth/Documents/toolkit/vaquero_io/lib/vaquero_io.rb:33:in `with_logging'
bin/vaquero_io:25:in `<main>'
F, [2015-06-03T10:31:21.942739 #54178] FATAL -- vaquero_io: undefined method `source_root' for VaqueroIo::Command::Init:Class
F, [2015-06-03T10:31:22.002598 #54178] FATAL -- vaquero_io: undefined method `source_root' for VaqueroIo::Command::Init:Class (NoMethodError)
/Users/ncheneweth/Documents/toolkit/vaquero_io/lib/vaquero_io/command/init.rb:16:in `call'
/Users/ncheneweth/Documents/toolkit/vaquero_io/lib/vaquero_io/cli.rb:21:in `block in do_command'
/Users/ncheneweth/.rbenv/versions/2.2.0/lib/ruby/2.2.0/benchmark.rb:288:in `measure'
/Users/ncheneweth/Documents/toolkit/vaquero_io/lib/vaquero_io/cli.rb:13:in `do_command'
/Users/ncheneweth/Documents/toolkit/vaquero_io/lib/vaquero_io/cli.rb:51:in `init'
/Users/ncheneweth/.rbenv/versions/2.2.0/lib/ruby/gems/2.2.0/gems/thor-0.19.1/lib/thor/command.rb:27:in `run'
/Users/ncheneweth/.rbenv/versions/2.2.0/lib/ruby/gems/2.2.0/gems/thor-0.19.1/lib/thor/invocation.rb:126:in `invoke_command'
/Users/ncheneweth/.rbenv/versions/2.2.0/lib/ruby/gems/2.2.0/gems/thor-0.19.1/lib/thor.rb:359:in `dispatch'
/Users/ncheneweth/.rbenv/versions/2.2.0/lib/ruby/gems/2.2.0/gems/thor-0.19.1/lib/thor/base.rb:440:in `start'
bin/vaquero_io:25:in `block in <main>'
/Users/ncheneweth/Documents/toolkit/vaquero_io/lib/vaquero_io.rb:33:in `with_logging'
bin/vaquero_io:25:in `<main>'
F, [2015-06-03T10:31:29.998893 #54216] FATAL -- vaquero_io: undefined local variable or method `parameters' for #<VaqueroIo::Command::Init:0x007fd6e5128b80>
F, [2015-06-03T10:31:30.001004 #54216] FATAL -- vaquero_io: undefined local variable or method `parameters' for #<VaqueroIo::Command::Init:0x007fd6e5128b80> (NameError)
/Users/ncheneweth/Documents/toolkit/vaquero_io/lib/vaquero_io/command/init.rb:20:in `call'
/Users/ncheneweth/Documents/toolkit/vaquero_io/lib/vaquero_io/cli.rb:21:in `block in do_command'
/Users/ncheneweth/.rbenv/versions/2.2.0/lib/ruby/2.2.0/benchmark.rb:288:in `measure'
/Users/ncheneweth/Documents/toolkit/vaquero_io/lib/vaquero_io/cli.rb:13:in `do_command'
/Users/ncheneweth/Documents/toolkit/vaquero_io/lib/vaquero_io/cli.rb:51:in `init'
/Users/ncheneweth/.rbenv/versions/2.2.0/lib/ruby/gems/2.2.0/gems/thor-0.19.1/lib/thor/command.rb:27:in `run'
/Users/ncheneweth/.rbenv/versions/2.2.0/lib/ruby/gems/2.2.0/gems/thor-0.19.1/lib/thor/invocation.rb:126:in `invoke_command'
/Users/ncheneweth/.rbenv/versions/2.2.0/lib/ruby/gems/2.2.0/gems/thor-0.19.1/lib/thor.rb:359:in `dispatch'
/Users/ncheneweth/.rbenv/versions/2.2.0/lib/ruby/gems/2.2.0/gems/thor-0.19.1/lib/thor/base.rb:440:in `start'
bin/vaquero_io:25:in `block in <main>'
/Users/ncheneweth/Documents/toolkit/vaquero_io/lib/vaquero_io.rb:33:in `with_logging'
bin/vaquero_io:25:in `<main>'
F, [2015-06-03T11:19:29.532771 #54519] FATAL -- vaquero_io: uninitialized constant VaqueroIo::Provider::VAQUEROIO_DEFAULT_PROVIDER
F, [2015-06-03T11:19:29.593492 #54519] FATAL -- vaquero_io: uninitialized constant VaqueroIo::Provider::VAQUEROIO_DEFAULT_PROVIDER (NameError)
/Users/ncheneweth/Documents/toolkit/vaquero_io/lib/vaquero_io/provider.rb:41:in `resolve_provider'
/Users/ncheneweth/Documents/toolkit/vaquero_io/lib/vaquero_io/provider.rb:9:in `initialize'
/Users/ncheneweth/Documents/toolkit/vaquero_io/lib/vaquero_io/command/init.rb:14:in `new'
/Users/ncheneweth/Documents/toolkit/vaquero_io/lib/vaquero_io/command/init.rb:14:in `call'
/Users/ncheneweth/Documents/toolkit/vaquero_io/lib/vaquero_io/cli.rb:20:in `block in do_command'
/Users/ncheneweth/.rbenv/versions/2.2.0/lib/ruby/2.2.0/benchmark.rb:288:in `measure'
/Users/ncheneweth/Documents/toolkit/vaquero_io/lib/vaquero_io/cli.rb:13:in `do_command'
/Users/ncheneweth/Documents/toolkit/vaquero_io/lib/vaquero_io/cli.rb:50:in `init'
/Users/ncheneweth/.rbenv/versions/2.2.0/lib/ruby/gems/2.2.0/gems/thor-0.19.1/lib/thor/command.rb:27:in `run'
/Users/ncheneweth/.rbenv/versions/2.2.0/lib/ruby/gems/2.2.0/gems/thor-0.19.1/lib/thor/invocation.rb:126:in `invoke_command'
/Users/ncheneweth/.rbenv/versions/2.2.0/lib/ruby/gems/2.2.0/gems/thor-0.19.1/lib/thor.rb:359:in `dispatch'
/Users/ncheneweth/.rbenv/versions/2.2.0/lib/ruby/gems/2.2.0/gems/thor-0.19.1/lib/thor/base.rb:440:in `start'
bin/vaquero_io:25:in `block in <main>'
/Users/ncheneweth/Documents/toolkit/vaquero_io/lib/vaquero_io.rb:33:in `with_logging'
bin/vaquero_io:25:in `<main>'
F, [2015-06-03T11:20:15.174969 #54557] FATAL -- vaquero_io: uninitialized constant VaqueroIo::Provider::VAQUEROIO_DEFAULT_PROVIDER
F, [2015-06-03T11:20:15.176918 #54557] FATAL -- vaquero_io: uninitialized constant VaqueroIo::Provider::VAQUEROIO_DEFAULT_PROVIDER (NameError)
/Users/ncheneweth/Documents/toolkit/vaquero_io/lib/vaquero_io/provider.rb:41:in `resolve_provider'
/Users/ncheneweth/Documents/toolkit/vaquero_io/lib/vaquero_io/provider.rb:9:in `initialize'
/Users/ncheneweth/Documents/toolkit/vaquero_io/lib/vaquero_io/command/init.rb:14:in `new'
/Users/ncheneweth/Documents/toolkit/vaquero_io/lib/vaquero_io/command/init.rb:14:in `call'
/Users/ncheneweth/Documents/toolkit/vaquero_io/lib/vaquero_io/cli.rb:20:in `block in do_command'
/Users/ncheneweth/.rbenv/versions/2.2.0/lib/ruby/2.2.0/benchmark.rb:288:in `measure'
/Users/ncheneweth/Documents/toolkit/vaquero_io/lib/vaquero_io/cli.rb:13:in `do_command'
/Users/ncheneweth/Documents/toolkit/vaquero_io/lib/vaquero_io/cli.rb:50:in `init'
/Users/ncheneweth/.rbenv/versions/2.2.0/lib/ruby/gems/2.2.0/gems/thor-0.19.1/lib/thor/command.rb:27:in `run'
/Users/ncheneweth/.rbenv/versions/2.2.0/lib/ruby/gems/2.2.0/gems/thor-0.19.1/lib/thor/invocation.rb:126:in `invoke_command'
/Users/ncheneweth/.rbenv/versions/2.2.0/lib/ruby/gems/2.2.0/gems/thor-0.19.1/lib/thor.rb:359:in `dispatch'
/Users/ncheneweth/.rbenv/versions/2.2.0/lib/ruby/gems/2.2.0/gems/thor-0.19.1/lib/thor/base.rb:440:in `start'
bin/vaquero_io:25:in `block in <main>'
/Users/ncheneweth/Documents/toolkit/vaquero_io/lib/vaquero_io.rb:33:in `with_logging'
bin/vaquero_io:25:in `<main>'
F, [2015-06-03T11:21:18.343246 #54595] FATAL -- vaquero_io: uninitialized constant VaqueroIo::Command::Init::VAQUEROIO_DEFAULT_PROVIDER
F, [2015-06-03T11:21:18.345413 #54595] FATAL -- vaquero_io: uninitialized constant VaqueroIo::Command::Init::VAQUEROIO_DEFAULT_PROVIDER (NameError)
/Users/ncheneweth/Documents/toolkit/vaquero_io/lib/vaquero_io/command/init.rb:13:in `call'
/Users/ncheneweth/Documents/toolkit/vaquero_io/lib/vaquero_io/cli.rb:20:in `block in do_command'
/Users/ncheneweth/.rbenv/versions/2.2.0/lib/ruby/2.2.0/benchmark.rb:288:in `measure'
/Users/ncheneweth/Documents/toolkit/vaquero_io/lib/vaquero_io/cli.rb:13:in `do_command'
/Users/ncheneweth/Documents/toolkit/vaquero_io/lib/vaquero_io/cli.rb:50:in `init'
/Users/ncheneweth/.rbenv/versions/2.2.0/lib/ruby/gems/2.2.0/gems/thor-0.19.1/lib/thor/command.rb:27:in `run'
/Users/ncheneweth/.rbenv/versions/2.2.0/lib/ruby/gems/2.2.0/gems/thor-0.19.1/lib/thor/invocation.rb:126:in `invoke_command'
/Users/ncheneweth/.rbenv/versions/2.2.0/lib/ruby/gems/2.2.0/gems/thor-0.19.1/lib/thor.rb:359:in `dispatch'
/Users/ncheneweth/.rbenv/versions/2.2.0/lib/ruby/gems/2.2.0/gems/thor-0.19.1/lib/thor/base.rb:440:in `start'
bin/vaquero_io:25:in `block in <main>'
/Users/ncheneweth/Documents/toolkit/vaquero_io/lib/vaquero_io.rb:33:in `with_logging'
bin/vaquero_io:25:in `<main>'
F, [2015-06-03T11:21:50.997450 #54639] FATAL -- vaquero_io: uninitialized constant VaqueroIo::Command::Init::VAQUEROIO_DEFAULT_PROVIDER
F, [2015-06-03T11:21:51.102421 #54639] FATAL -- vaquero_io: uninitialized constant VaqueroIo::Command::Init::VAQUEROIO_DEFAULT_PROVIDER (NameError)
/Users/ncheneweth/Documents/toolkit/vaquero_io/lib/vaquero_io/command/init.rb:13:in `call'
/Users/ncheneweth/Documents/toolkit/vaquero_io/lib/vaquero_io/cli.rb:20:in `block in do_command'
/Users/ncheneweth/.rbenv/versions/2.2.0/lib/ruby/2.2.0/benchmark.rb:288:in `measure'
/Users/ncheneweth/Documents/toolkit/vaquero_io/lib/vaquero_io/cli.rb:13:in `do_command'
/Users/ncheneweth/Documents/toolkit/vaquero_io/lib/vaquero_io/cli.rb:50:in `init'
/Users/ncheneweth/.rbenv/versions/2.2.0/lib/ruby/gems/2.2.0/gems/thor-0.19.1/lib/thor/command.rb:27:in `run'
/Users/ncheneweth/.rbenv/versions/2.2.0/lib/ruby/gems/2.2.0/gems/thor-0.19.1/lib/thor/invocation.rb:126:in `invoke_command'
/Users/ncheneweth/.rbenv/versions/2.2.0/lib/ruby/gems/2.2.0/gems/thor-0.19.1/lib/thor.rb:359:in `dispatch'
/Users/ncheneweth/.rbenv/versions/2.2.0/lib/ruby/gems/2.2.0/gems/thor-0.19.1/lib/thor/base.rb:440:in `start'
bin/vaquero_io:25:in `block in <main>'
/Users/ncheneweth/Documents/toolkit/vaquero_io/lib/vaquero_io.rb:33:in `with_logging'
bin/vaquero_io:25:in `<main>'
I, [2015-06-03T11:22:56.549537 #54751]  INFO -- vaquero_io: Elapsed (0m0.00s)
I, [2015-06-03T11:24:19.903397 #54792]  INFO -- vaquero_io: init Elapsed (0m0.00s)
I, [2015-06-03T11:24:44.132542 #54830]  INFO -- vaquero_io: init: elapsed (0m0.00s)
I, [2015-06-03T11:25:38.654369 #54876]  INFO -- vaquero_io: init: elapsed (0m0.00s)
I, [2015-06-03T11:25:59.332294 #54919]  INFO -- vaquero_io: init: elapsed (0m0.00s)
I, [2015-06-03T11:27:02.819592 #54959]  INFO -- vaquero_io: init: elapsed (0m0.00s)
I, [2015-06-03T11:28:12.463923 #54997]  INFO -- vaquero_io: init: elapsed (0m0.00s)
I, [2015-06-03T11:28:24.032714 #55032]  INFO -- vaquero_io: init: elapsed (0m0.00s)
I, [2015-06-03T11:42:11.393303 #55388]  INFO -- vaquero_io: init: elapsed (0m0.00s)
I, [2015-06-03T11:42:32.440380 #55431]  INFO -- vaquero_io: init: elapsed (0m0.00s)
F, [2015-06-03T11:56:07.865968 #55818] FATAL -- vaquero_io: must specify a valid vaquero_io provider
F, [2015-06-03T11:56:07.914022 #55818] FATAL -- vaquero_io: must specify a valid vaquero_io provider (ArgumentError)
/Users/ncheneweth/Documents/toolkit/vaquero_io/lib/vaquero_io/provider.rb:50:in `resolve_provider'
/Users/ncheneweth/Documents/toolkit/vaquero_io/lib/vaquero_io/provider.rb:9:in `initialize'
/Users/ncheneweth/Documents/toolkit/vaquero_io/lib/vaquero_io/command/init.rb:14:in `new'
/Users/ncheneweth/Documents/toolkit/vaquero_io/lib/vaquero_io/command/init.rb:14:in `call'
/Users/ncheneweth/Documents/toolkit/vaquero_io/lib/vaquero_io/cli.rb:20:in `block in do_command'
/Users/ncheneweth/.rbenv/versions/2.2.0/lib/ruby/2.2.0/benchmark.rb:288:in `measure'
/Users/ncheneweth/Documents/toolkit/vaquero_io/lib/vaquero_io/cli.rb:13:in `do_command'
/Users/ncheneweth/Documents/toolkit/vaquero_io/lib/vaquero_io/cli.rb:50:in `init'
/Users/ncheneweth/.rbenv/versions/2.2.0/lib/ruby/gems/2.2.0/gems/thor-0.19.1/lib/thor/command.rb:27:in `run'
/Users/ncheneweth/.rbenv/versions/2.2.0/lib/ruby/gems/2.2.0/gems/thor-0.19.1/lib/thor/invocation.rb:126:in `invoke_command'
/Users/ncheneweth/.rbenv/versions/2.2.0/lib/ruby/gems/2.2.0/gems/thor-0.19.1/lib/thor.rb:359:in `dispatch'
/Users/ncheneweth/.rbenv/versions/2.2.0/lib/ruby/gems/2.2.0/gems/thor-0.19.1/lib/thor/base.rb:440:in `start'
bin/vaquero_io:25:in `block in <main>'
/Users/ncheneweth/Documents/toolkit/vaquero_io/lib/vaquero_io.rb:33:in `with_logging'
bin/vaquero_io:25:in `<main>'
I, [2015-06-03T12:25:24.841074 #56261]  INFO -- vaquero_io: init: elapsed (0m0.00s)
I, [2015-06-03T12:25:40.022674 #56328]  INFO -- vaquero_io: init: elapsed (0m0.01s)
I, [2015-06-03T12:25:51.733229 #56398]  INFO -- vaquero_io: init: elapsed (0m0.06s)
I, [2015-06-03T13:17:42.467687 #57004]  INFO -- vaquero_io: init: elapsed (0m0.00s)
F, [2015-06-03T13:18:14.683752 #57042] FATAL -- vaquero_io: undefined method `list' for Gem:Module
F, [2015-06-03T13:18:14.685768 #57042] FATAL -- vaquero_io: undefined method `list' for Gem:Module (NoMethodError)
/Users/ncheneweth/Documents/toolkit/vaquero_io/lib/vaquero_io/provider.rb:51:in `resolve_provider'
/Users/ncheneweth/Documents/toolkit/vaquero_io/lib/vaquero_io/provider.rb:9:in `initialize'
/Users/ncheneweth/Documents/toolkit/vaquero_io/lib/vaquero_io/command/init.rb:14:in `new'
/Users/ncheneweth/Documents/toolkit/vaquero_io/lib/vaquero_io/command/init.rb:14:in `call'
/Users/ncheneweth/Documents/toolkit/vaquero_io/lib/vaquero_io/cli.rb:20:in `block in do_command'
/Users/ncheneweth/.rbenv/versions/2.2.0/lib/ruby/2.2.0/benchmark.rb:288:in `measure'
/Users/ncheneweth/Documents/toolkit/vaquero_io/lib/vaquero_io/cli.rb:13:in `do_command'
/Users/ncheneweth/Documents/toolkit/vaquero_io/lib/vaquero_io/cli.rb:50:in `init'
/Users/ncheneweth/.rbenv/versions/2.2.0/lib/ruby/gems/2.2.0/gems/thor-0.19.1/lib/thor/command.rb:27:in `run'
/Users/ncheneweth/.rbenv/versions/2.2.0/lib/ruby/gems/2.2.0/gems/thor-0.19.1/lib/thor/invocation.rb:126:in `invoke_command'
/Users/ncheneweth/.rbenv/versions/2.2.0/lib/ruby/gems/2.2.0/gems/thor-0.19.1/lib/thor.rb:359:in `dispatch'
/Users/ncheneweth/.rbenv/versions/2.2.0/lib/ruby/gems/2.2.0/gems/thor-0.19.1/lib/thor/base.rb:440:in `start'
bin/vaquero_io:25:in `block in <main>'
/Users/ncheneweth/Documents/toolkit/vaquero_io/lib/vaquero_io.rb:33:in `with_logging'
bin/vaquero_io:25:in `<main>'
I, [2015-06-03T13:19:01.101918 #57083]  INFO -- vaquero_io: init: elapsed (0m0.00s)
I, [2015-06-03T13:19:48.982481 #57125]  INFO -- vaquero_io: init: elapsed (0m0.22s)
I, [2015-06-03T13:21:47.706277 #57170]  INFO -- vaquero_io: init: elapsed (0m0.22s)
I, [2015-06-03T13:24:11.470218 #57231]  INFO -- vaquero_io: init: elapsed (0m0.21s)
F, [2015-06-03T13:29:03.327401 #57275] FATAL -- vaquero_io: uninitialized constant Gem::AvailableSet
F, [2015-06-03T13:29:03.363529 #57275] FATAL -- vaquero_io: uninitialized constant Gem::AvailableSet (NameError)
/Users/ncheneweth/Documents/toolkit/vaquero_io/lib/vaquero_io/provider.rb:51:in `resolve_provider'
/Users/ncheneweth/Documents/toolkit/vaquero_io/lib/vaquero_io/provider.rb:9:in `initialize'
/Users/ncheneweth/Documents/toolkit/vaquero_io/lib/vaquero_io/command/init.rb:14:in `new'
/Users/ncheneweth/Documents/toolkit/vaquero_io/lib/vaquero_io/command/init.rb:14:in `call'
/Users/ncheneweth/Documents/toolkit/vaquero_io/lib/vaquero_io/cli.rb:20:in `block in do_command'
/Users/ncheneweth/.rbenv/versions/2.2.0/lib/ruby/2.2.0/benchmark.rb:288:in `measure'
/Users/ncheneweth/Documents/toolkit/vaquero_io/lib/vaquero_io/cli.rb:13:in `do_command'
/Users/ncheneweth/Documents/toolkit/vaquero_io/lib/vaquero_io/cli.rb:50:in `init'
/Users/ncheneweth/.rbenv/versions/2.2.0/lib/ruby/gems/2.2.0/gems/thor-0.19.1/lib/thor/command.rb:27:in `run'
/Users/ncheneweth/.rbenv/versions/2.2.0/lib/ruby/gems/2.2.0/gems/thor-0.19.1/lib/thor/invocation.rb:126:in `invoke_command'
/Users/ncheneweth/.rbenv/versions/2.2.0/lib/ruby/gems/2.2.0/gems/thor-0.19.1/lib/thor.rb:359:in `dispatch'
/Users/ncheneweth/.rbenv/versions/2.2.0/lib/ruby/gems/2.2.0/gems/thor-0.19.1/lib/thor/base.rb:440:in `start'
bin/vaquero_io:25:in `block in <main>'
/Users/ncheneweth/Documents/toolkit/vaquero_io/lib/vaquero_io.rb:33:in `with_logging'
bin/vaquero_io:25:in `<main>'
F, [2015-06-03T13:29:26.458544 #57313] FATAL -- vaquero_io: uninitialized constant Gem::AvailableSet
F, [2015-06-03T13:29:26.461467 #57313] FATAL -- vaquero_io: uninitialized constant Gem::AvailableSet (NameError)
/Users/ncheneweth/Documents/toolkit/vaquero_io/lib/vaquero_io/provider.rb:51:in `resolve_provider'
/Users/ncheneweth/Documents/toolkit/vaquero_io/lib/vaquero_io/provider.rb:9:in `initialize'
/Users/ncheneweth/Documents/toolkit/vaquero_io/lib/vaquero_io/command/init.rb:14:in `new'
/Users/ncheneweth/Documents/toolkit/vaquero_io/lib/vaquero_io/command/init.rb:14:in `call'
/Users/ncheneweth/Documents/toolkit/vaquero_io/lib/vaquero_io/cli.rb:20:in `block in do_command'
/Users/ncheneweth/.rbenv/versions/2.2.0/lib/ruby/2.2.0/benchmark.rb:288:in `measure'
/Users/ncheneweth/Documents/toolkit/vaquero_io/lib/vaquero_io/cli.rb:13:in `do_command'
/Users/ncheneweth/Documents/toolkit/vaquero_io/lib/vaquero_io/cli.rb:50:in `init'
/Users/ncheneweth/.rbenv/versions/2.2.0/lib/ruby/gems/2.2.0/gems/thor-0.19.1/lib/thor/command.rb:27:in `run'
/Users/ncheneweth/.rbenv/versions/2.2.0/lib/ruby/gems/2.2.0/gems/thor-0.19.1/lib/thor/invocation.rb:126:in `invoke_command'
/Users/ncheneweth/.rbenv/versions/2.2.0/lib/ruby/gems/2.2.0/gems/thor-0.19.1/lib/thor.rb:359:in `dispatch'
/Users/ncheneweth/.rbenv/versions/2.2.0/lib/ruby/gems/2.2.0/gems/thor-0.19.1/lib/thor/base.rb:440:in `start'
bin/vaquero_io:25:in `block in <main>'
/Users/ncheneweth/Documents/toolkit/vaquero_io/lib/vaquero_io.rb:33:in `with_logging'
bin/vaquero_io:25:in `<main>'
F, [2015-06-03T13:30:22.525017 #57353] FATAL -- vaquero_io: uninitialized constant Gem::Command::ListCommand
F, [2015-06-03T13:30:22.527246 #57353] FATAL -- vaquero_io: uninitialized constant Gem::Command::ListCommand (NameError)
/Users/ncheneweth/Documents/toolkit/vaquero_io/lib/vaquero_io/provider.rb:51:in `resolve_provider'
/Users/ncheneweth/Documents/toolkit/vaquero_io/lib/vaquero_io/provider.rb:9:in `initialize'
/Users/ncheneweth/Documents/toolkit/vaquero_io/lib/vaquero_io/command/init.rb:14:in `new'
/Users/ncheneweth/Documents/toolkit/vaquero_io/lib/vaquero_io/command/init.rb:14:in `call'
/Users/ncheneweth/Documents/toolkit/vaquero_io/lib/vaquero_io/cli.rb:20:in `block in do_command'
/Users/ncheneweth/.rbenv/versions/2.2.0/lib/ruby/2.2.0/benchmark.rb:288:in `measure'
/Users/ncheneweth/Documents/toolkit/vaquero_io/lib/vaquero_io/cli.rb:13:in `do_command'
/Users/ncheneweth/Documents/toolkit/vaquero_io/lib/vaquero_io/cli.rb:50:in `init'
/Users/ncheneweth/.rbenv/versions/2.2.0/lib/ruby/gems/2.2.0/gems/thor-0.19.1/lib/thor/command.rb:27:in `run'
/Users/ncheneweth/.rbenv/versions/2.2.0/lib/ruby/gems/2.2.0/gems/thor-0.19.1/lib/thor/invocation.rb:126:in `invoke_command'
/Users/ncheneweth/.rbenv/versions/2.2.0/lib/ruby/gems/2.2.0/gems/thor-0.19.1/lib/thor.rb:359:in `dispatch'
/Users/ncheneweth/.rbenv/versions/2.2.0/lib/ruby/gems/2.2.0/gems/thor-0.19.1/lib/thor/base.rb:440:in `start'
bin/vaquero_io:25:in `block in <main>'
/Users/ncheneweth/Documents/toolkit/vaquero_io/lib/vaquero_io.rb:33:in `with_logging'
bin/vaquero_io:25:in `<main>'
F, [2015-06-03T13:31:05.531844 #57395] FATAL -- vaquero_io: undefined method `ListCommand' for Gem::Command:Class
F, [2015-06-03T13:31:05.599189 #57395] FATAL -- vaquero_io: undefined method `ListCommand' for Gem::Command:Class (NoMethodError)
/Users/ncheneweth/Documents/toolkit/vaquero_io/lib/vaquero_io/provider.rb:51:in `resolve_provider'
/Users/ncheneweth/Documents/toolkit/vaquero_io/lib/vaquero_io/provider.rb:9:in `initialize'
/Users/ncheneweth/Documents/toolkit/vaquero_io/lib/vaquero_io/command/init.rb:14:in `new'
/Users/ncheneweth/Documents/toolkit/vaquero_io/lib/vaquero_io/command/init.rb:14:in `call'
/Users/ncheneweth/Documents/toolkit/vaquero_io/lib/vaquero_io/cli.rb:20:in `block in do_command'
/Users/ncheneweth/.rbenv/versions/2.2.0/lib/ruby/2.2.0/benchmark.rb:288:in `measure'
/Users/ncheneweth/Documents/toolkit/vaquero_io/lib/vaquero_io/cli.rb:13:in `do_command'
/Users/ncheneweth/Documents/toolkit/vaquero_io/lib/vaquero_io/cli.rb:50:in `init'
/Users/ncheneweth/.rbenv/versions/2.2.0/lib/ruby/gems/2.2.0/gems/thor-0.19.1/lib/thor/command.rb:27:in `run'
/Users/ncheneweth/.rbenv/versions/2.2.0/lib/ruby/gems/2.2.0/gems/thor-0.19.1/lib/thor/invocation.rb:126:in `invoke_command'
/Users/ncheneweth/.rbenv/versions/2.2.0/lib/ruby/gems/2.2.0/gems/thor-0.19.1/lib/thor.rb:359:in `dispatch'
/Users/ncheneweth/.rbenv/versions/2.2.0/lib/ruby/gems/2.2.0/gems/thor-0.19.1/lib/thor/base.rb:440:in `start'
bin/vaquero_io:25:in `block in <main>'
/Users/ncheneweth/Documents/toolkit/vaquero_io/lib/vaquero_io.rb:33:in `with_logging'
bin/vaquero_io:25:in `<main>'
F, [2015-06-03T13:31:25.396258 #57433] FATAL -- vaquero_io: undefined method `QueryCommand' for Gem::Command:Class
F, [2015-06-03T13:31:25.399510 #57433] FATAL -- vaquero_io: undefined method `QueryCommand' for Gem::Command:Class (NoMethodError)
/Users/ncheneweth/Documents/toolkit/vaquero_io/lib/vaquero_io/provider.rb:51:in `resolve_provider'
/Users/ncheneweth/Documents/toolkit/vaquero_io/lib/vaquero_io/provider.rb:9:in `initialize'
/Users/ncheneweth/Documents/toolkit/vaquero_io/lib/vaquero_io/command/init.rb:14:in `new'
/Users/ncheneweth/Documents/toolkit/vaquero_io/lib/vaquero_io/command/init.rb:14:in `call'
/Users/ncheneweth/Documents/toolkit/vaquero_io/lib/vaquero_io/cli.rb:20:in `block in do_command'
/Users/ncheneweth/.rbenv/versions/2.2.0/lib/ruby/2.2.0/benchmark.rb:288:in `measure'
/Users/ncheneweth/Documents/toolkit/vaquero_io/lib/vaquero_io/cli.rb:13:in `do_command'
/Users/ncheneweth/Documents/toolkit/vaquero_io/lib/vaquero_io/cli.rb:50:in `init'
/Users/ncheneweth/.rbenv/versions/2.2.0/lib/ruby/gems/2.2.0/gems/thor-0.19.1/lib/thor/command.rb:27:in `run'
/Users/ncheneweth/.rbenv/versions/2.2.0/lib/ruby/gems/2.2.0/gems/thor-0.19.1/lib/thor/invocation.rb:126:in `invoke_command'
/Users/ncheneweth/.rbenv/versions/2.2.0/lib/ruby/gems/2.2.0/gems/thor-0.19.1/lib/thor.rb:359:in `dispatch'
/Users/ncheneweth/.rbenv/versions/2.2.0/lib/ruby/gems/2.2.0/gems/thor-0.19.1/lib/thor/base.rb:440:in `start'
bin/vaquero_io:25:in `block in <main>'
/Users/ncheneweth/Documents/toolkit/vaquero_io/lib/vaquero_io.rb:33:in `with_logging'
bin/vaquero_io:25:in `<main>'
F, [2015-06-03T13:33:49.648164 #57475] FATAL -- vaquero_io: undefined method `search' for Gem:Module
F, [2015-06-03T13:33:49.683623 #57475] FATAL -- vaquero_io: undefined method `search' for Gem:Module (NoMethodError)
/Users/ncheneweth/Documents/toolkit/vaquero_io/lib/vaquero_io/provider.rb:48:in `resolve_provider'
/Users/ncheneweth/Documents/toolkit/vaquero_io/lib/vaquero_io/provider.rb:9:in `initialize'
/Users/ncheneweth/Documents/toolkit/vaquero_io/lib/vaquero_io/command/init.rb:14:in `new'
/Users/ncheneweth/Documents/toolkit/vaquero_io/lib/vaquero_io/command/init.rb:14:in `call'
/Users/ncheneweth/Documents/toolkit/vaquero_io/lib/vaquero_io/cli.rb:20:in `block in do_command'
/Users/ncheneweth/.rbenv/versions/2.2.0/lib/ruby/2.2.0/benchmark.rb:288:in `measure'
/Users/ncheneweth/Documents/toolkit/vaquero_io/lib/vaquero_io/cli.rb:13:in `do_command'
/Users/ncheneweth/Documents/toolkit/vaquero_io/lib/vaquero_io/cli.rb:50:in `init'
/Users/ncheneweth/.rbenv/versions/2.2.0/lib/ruby/gems/2.2.0/gems/thor-0.19.1/lib/thor/command.rb:27:in `run'
/Users/ncheneweth/.rbenv/versions/2.2.0/lib/ruby/gems/2.2.0/gems/thor-0.19.1/lib/thor/invocation.rb:126:in `invoke_command'
/Users/ncheneweth/.rbenv/versions/2.2.0/lib/ruby/gems/2.2.0/gems/thor-0.19.1/lib/thor.rb:359:in `dispatch'
/Users/ncheneweth/.rbenv/versions/2.2.0/lib/ruby/gems/2.2.0/gems/thor-0.19.1/lib/thor/base.rb:440:in `start'
bin/vaquero_io:25:in `block in <main>'
/Users/ncheneweth/Documents/toolkit/vaquero_io/lib/vaquero_io.rb:33:in `with_logging'
bin/vaquero_io:25:in `<main>'
F, [2015-06-03T13:34:07.598746 #57513] FATAL -- vaquero_io: undefined method `searcher' for Gem:Module
F, [2015-06-03T13:34:07.600855 #57513] FATAL -- vaquero_io: undefined method `searcher' for Gem:Module (NoMethodError)
/Users/ncheneweth/Documents/toolkit/vaquero_io/lib/vaquero_io/provider.rb:48:in `resolve_provider'
/Users/ncheneweth/Documents/toolkit/vaquero_io/lib/vaquero_io/provider.rb:9:in `initialize'
/Users/ncheneweth/Documents/toolkit/vaquero_io/lib/vaquero_io/command/init.rb:14:in `new'
/Users/ncheneweth/Documents/toolkit/vaquero_io/lib/vaquero_io/command/init.rb:14:in `call'
/Users/ncheneweth/Documents/toolkit/vaquero_io/lib/vaquero_io/cli.rb:20:in `block in do_command'
/Users/ncheneweth/.rbenv/versions/2.2.0/lib/ruby/2.2.0/benchmark.rb:288:in `measure'
/Users/ncheneweth/Documents/toolkit/vaquero_io/lib/vaquero_io/cli.rb:13:in `do_command'
/Users/ncheneweth/Documents/toolkit/vaquero_io/lib/vaquero_io/cli.rb:50:in `init'
/Users/ncheneweth/.rbenv/versions/2.2.0/lib/ruby/gems/2.2.0/gems/thor-0.19.1/lib/thor/command.rb:27:in `run'
/Users/ncheneweth/.rbenv/versions/2.2.0/lib/ruby/gems/2.2.0/gems/thor-0.19.1/lib/thor/invocation.rb:126:in `invoke_command'
/Users/ncheneweth/.rbenv/versions/2.2.0/lib/ruby/gems/2.2.0/gems/thor-0.19.1/lib/thor.rb:359:in `dispatch'
/Users/ncheneweth/.rbenv/versions/2.2.0/lib/ruby/gems/2.2.0/gems/thor-0.19.1/lib/thor/base.rb:440:in `start'
bin/vaquero_io:25:in `block in <main>'
/Users/ncheneweth/Documents/toolkit/vaquero_io/lib/vaquero_io.rb:33:in `with_logging'
bin/vaquero_io:25:in `<main>'
F, [2015-06-03T13:36:39.579253 #57553] FATAL -- vaquero_io: undefined method `QueryCommand' for Gem::Command:Class
F, [2015-06-03T13:36:39.639968 #57553] FATAL -- vaquero_io: undefined method `QueryCommand' for Gem::Command:Class (NoMethodError)
/Users/ncheneweth/Documents/toolkit/vaquero_io/lib/vaquero_io/provider.rb:51:in `resolve_provider'
/Users/ncheneweth/Documents/toolkit/vaquero_io/lib/vaquero_io/provider.rb:9:in `initialize'
/Users/ncheneweth/Documents/toolkit/vaquero_io/lib/vaquero_io/command/init.rb:14:in `new'
/Users/ncheneweth/Documents/toolkit/vaquero_io/lib/vaquero_io/command/init.rb:14:in `call'
/Users/ncheneweth/Documents/toolkit/vaquero_io/lib/vaquero_io/cli.rb:20:in `block in do_command'
/Users/ncheneweth/.rbenv/versions/2.2.0/lib/ruby/2.2.0/benchmark.rb:288:in `measure'
/Users/ncheneweth/Documents/toolkit/vaquero_io/lib/vaquero_io/cli.rb:13:in `do_command'
/Users/ncheneweth/Documents/toolkit/vaquero_io/lib/vaquero_io/cli.rb:50:in `init'
/Users/ncheneweth/.rbenv/versions/2.2.0/lib/ruby/gems/2.2.0/gems/thor-0.19.1/lib/thor/command.rb:27:in `run'
/Users/ncheneweth/.rbenv/versions/2.2.0/lib/ruby/gems/2.2.0/gems/thor-0.19.1/lib/thor/invocation.rb:126:in `invoke_command'
/Users/ncheneweth/.rbenv/versions/2.2.0/lib/ruby/gems/2.2.0/gems/thor-0.19.1/lib/thor.rb:359:in `dispatch'
/Users/ncheneweth/.rbenv/versions/2.2.0/lib/ruby/gems/2.2.0/gems/thor-0.19.1/lib/thor/base.rb:440:in `start'
bin/vaquero_io:25:in `block in <main>'
/Users/ncheneweth/Documents/toolkit/vaquero_io/lib/vaquero_io.rb:33:in `with_logging'
bin/vaquero_io:25:in `<main>'
F, [2015-06-03T13:36:45.210359 #57588] FATAL -- vaquero_io: undefined method `QueryCommand' for Gem::Command:Class
F, [2015-06-03T13:36:45.212451 #57588] FATAL -- vaquero_io: undefined method `QueryCommand' for Gem::Command:Class (NoMethodError)
/Users/ncheneweth/Documents/toolkit/vaquero_io/lib/vaquero_io/provider.rb:51:in `resolve_provider'
/Users/ncheneweth/Documents/toolkit/vaquero_io/lib/vaquero_io/provider.rb:9:in `initialize'
/Users/ncheneweth/Documents/toolkit/vaquero_io/lib/vaquero_io/command/init.rb:14:in `new'
/Users/ncheneweth/Documents/toolkit/vaquero_io/lib/vaquero_io/command/init.rb:14:in `call'
/Users/ncheneweth/Documents/toolkit/vaquero_io/lib/vaquero_io/cli.rb:20:in `block in do_command'
/Users/ncheneweth/.rbenv/versions/2.2.0/lib/ruby/2.2.0/benchmark.rb:288:in `measure'
/Users/ncheneweth/Documents/toolkit/vaquero_io/lib/vaquero_io/cli.rb:13:in `do_command'
/Users/ncheneweth/Documents/toolkit/vaquero_io/lib/vaquero_io/cli.rb:50:in `init'
/Users/ncheneweth/.rbenv/versions/2.2.0/lib/ruby/gems/2.2.0/gems/thor-0.19.1/lib/thor/command.rb:27:in `run'
/Users/ncheneweth/.rbenv/versions/2.2.0/lib/ruby/gems/2.2.0/gems/thor-0.19.1/lib/thor/invocation.rb:126:in `invoke_command'
/Users/ncheneweth/.rbenv/versions/2.2.0/lib/ruby/gems/2.2.0/gems/thor-0.19.1/lib/thor.rb:359:in `dispatch'
/Users/ncheneweth/.rbenv/versions/2.2.0/lib/ruby/gems/2.2.0/gems/thor-0.19.1/lib/thor/base.rb:440:in `start'
bin/vaquero_io:25:in `block in <main>'
/Users/ncheneweth/Documents/toolkit/vaquero_io/lib/vaquero_io.rb:33:in `with_logging'
bin/vaquero_io:25:in `<main>'
F, [2015-06-03T13:36:51.393970 #57623] FATAL -- vaquero_io: undefined method `QueryCommand' for Gem::Command:Class
F, [2015-06-03T13:36:51.396127 #57623] FATAL -- vaquero_io: undefined method `QueryCommand' for Gem::Command:Class (NoMethodError)
/Users/ncheneweth/Documents/toolkit/vaquero_io/lib/vaquero_io/provider.rb:51:in `resolve_provider'
/Users/ncheneweth/Documents/toolkit/vaquero_io/lib/vaquero_io/provider.rb:9:in `initialize'
/Users/ncheneweth/Documents/toolkit/vaquero_io/lib/vaquero_io/command/init.rb:14:in `new'
/Users/ncheneweth/Documents/toolkit/vaquero_io/lib/vaquero_io/command/init.rb:14:in `call'
/Users/ncheneweth/Documents/toolkit/vaquero_io/lib/vaquero_io/cli.rb:20:in `block in do_command'
/Users/ncheneweth/.rbenv/versions/2.2.0/lib/ruby/2.2.0/benchmark.rb:288:in `measure'
/Users/ncheneweth/Documents/toolkit/vaquero_io/lib/vaquero_io/cli.rb:13:in `do_command'
/Users/ncheneweth/Documents/toolkit/vaquero_io/lib/vaquero_io/cli.rb:50:in `init'
/Users/ncheneweth/.rbenv/versions/2.2.0/lib/ruby/gems/2.2.0/gems/thor-0.19.1/lib/thor/command.rb:27:in `run'
/Users/ncheneweth/.rbenv/versions/2.2.0/lib/ruby/gems/2.2.0/gems/thor-0.19.1/lib/thor/invocation.rb:126:in `invoke_command'
/Users/ncheneweth/.rbenv/versions/2.2.0/lib/ruby/gems/2.2.0/gems/thor-0.19.1/lib/thor.rb:359:in `dispatch'
/Users/ncheneweth/.rbenv/versions/2.2.0/lib/ruby/gems/2.2.0/gems/thor-0.19.1/lib/thor/base.rb:440:in `start'
bin/vaquero_io:25:in `block in <main>'
/Users/ncheneweth/Documents/toolkit/vaquero_io/lib/vaquero_io.rb:33:in `with_logging'
bin/vaquero_io:25:in `<main>'
F, [2015-06-03T13:38:16.826519 #57700] FATAL -- vaquero_io: undefined method `QueryCommand' for Gem::Command:Class
F, [2015-06-03T13:38:16.828644 #57700] FATAL -- vaquero_io: undefined method `QueryCommand' for Gem::Command:Class (NoMethodError)
/Users/ncheneweth/Documents/toolkit/vaquero_io/lib/vaquero_io/provider.rb:51:in `resolve_provider'
/Users/ncheneweth/Documents/toolkit/vaquero_io/lib/vaquero_io/provider.rb:9:in `initialize'
/Users/ncheneweth/Documents/toolkit/vaquero_io/lib/vaquero_io/command/init.rb:14:in `new'
/Users/ncheneweth/Documents/toolkit/vaquero_io/lib/vaquero_io/command/init.rb:14:in `call'
/Users/ncheneweth/Documents/toolkit/vaquero_io/lib/vaquero_io/cli.rb:20:in `block in do_command'
/Users/ncheneweth/.rbenv/versions/2.2.0/lib/ruby/2.2.0/benchmark.rb:288:in `measure'
/Users/ncheneweth/Documents/toolkit/vaquero_io/lib/vaquero_io/cli.rb:13:in `do_command'
/Users/ncheneweth/Documents/toolkit/vaquero_io/lib/vaquero_io/cli.rb:50:in `init'
/Users/ncheneweth/.rbenv/versions/2.2.0/lib/ruby/gems/2.2.0/gems/thor-0.19.1/lib/thor/command.rb:27:in `run'
/Users/ncheneweth/.rbenv/versions/2.2.0/lib/ruby/gems/2.2.0/gems/thor-0.19.1/lib/thor/invocation.rb:126:in `invoke_command'
/Users/ncheneweth/.rbenv/versions/2.2.0/lib/ruby/gems/2.2.0/gems/thor-0.19.1/lib/thor.rb:359:in `dispatch'
/Users/ncheneweth/.rbenv/versions/2.2.0/lib/ruby/gems/2.2.0/gems/thor-0.19.1/lib/thor/base.rb:440:in `start'
bin/vaquero_io:25:in `block in <main>'
/Users/ncheneweth/Documents/toolkit/vaquero_io/lib/vaquero_io.rb:33:in `with_logging'
bin/vaquero_io:25:in `<main>'
F, [2015-06-03T13:44:06.006738 #57798] FATAL -- vaquero_io: undefined method `source_index' for Gem:Module
F, [2015-06-03T13:44:06.067695 #57798] FATAL -- vaquero_io: undefined method `source_index' for Gem:Module (NoMethodError)
/Users/ncheneweth/Documents/toolkit/vaquero_io/lib/vaquero_io/provider.rb:51:in `resolve_provider'
/Users/ncheneweth/Documents/toolkit/vaquero_io/lib/vaquero_io/provider.rb:9:in `initialize'
/Users/ncheneweth/Documents/toolkit/vaquero_io/lib/vaquero_io/command/init.rb:14:in `new'
/Users/ncheneweth/Documents/toolkit/vaquero_io/lib/vaquero_io/command/init.rb:14:in `call'
/Users/ncheneweth/Documents/toolkit/vaquero_io/lib/vaquero_io/cli.rb:20:in `block in do_command'
/Users/ncheneweth/.rbenv/versions/2.2.0/lib/ruby/2.2.0/benchmark.rb:288:in `measure'
/Users/ncheneweth/Documents/toolkit/vaquero_io/lib/vaquero_io/cli.rb:13:in `do_command'
/Users/ncheneweth/Documents/toolkit/vaquero_io/lib/vaquero_io/cli.rb:50:in `init'
/Users/ncheneweth/.rbenv/versions/2.2.0/lib/ruby/gems/2.2.0/gems/thor-0.19.1/lib/thor/command.rb:27:in `run'
/Users/ncheneweth/.rbenv/versions/2.2.0/lib/ruby/gems/2.2.0/gems/thor-0.19.1/lib/thor/invocation.rb:126:in `invoke_command'
/Users/ncheneweth/.rbenv/versions/2.2.0/lib/ruby/gems/2.2.0/gems/thor-0.19.1/lib/thor.rb:359:in `dispatch'
/Users/ncheneweth/.rbenv/versions/2.2.0/lib/ruby/gems/2.2.0/gems/thor-0.19.1/lib/thor/base.rb:440:in `start'
bin/vaquero_io:25:in `block in <main>'
/Users/ncheneweth/Documents/toolkit/vaquero_io/lib/vaquero_io.rb:33:in `with_logging'
bin/vaquero_io:25:in `<main>'
F, [2015-06-03T13:45:08.861967 #57836] FATAL -- vaquero_io: wrong number of arguments (0 for 1)
F, [2015-06-03T13:45:08.864002 #57836] FATAL -- vaquero_io: wrong number of arguments (0 for 1) (ArgumentError)
/Users/ncheneweth/Documents/toolkit/vaquero_io/lib/vaquero_io/provider.rb:58:in `require'
/Users/ncheneweth/Documents/toolkit/vaquero_io/lib/vaquero_io/provider.rb:58:in `resolve_provider'
/Users/ncheneweth/Documents/toolkit/vaquero_io/lib/vaquero_io/provider.rb:9:in `initialize'
/Users/ncheneweth/Documents/toolkit/vaquero_io/lib/vaquero_io/command/init.rb:14:in `new'
/Users/ncheneweth/Documents/toolkit/vaquero_io/lib/vaquero_io/command/init.rb:14:in `call'
/Users/ncheneweth/Documents/toolkit/vaquero_io/lib/vaquero_io/cli.rb:20:in `block in do_command'
/Users/ncheneweth/.rbenv/versions/2.2.0/lib/ruby/2.2.0/benchmark.rb:288:in `measure'
/Users/ncheneweth/Documents/toolkit/vaquero_io/lib/vaquero_io/cli.rb:13:in `do_command'
/Users/ncheneweth/Documents/toolkit/vaquero_io/lib/vaquero_io/cli.rb:50:in `init'
/Users/ncheneweth/.rbenv/versions/2.2.0/lib/ruby/gems/2.2.0/gems/thor-0.19.1/lib/thor/command.rb:27:in `run'
/Users/ncheneweth/.rbenv/versions/2.2.0/lib/ruby/gems/2.2.0/gems/thor-0.19.1/lib/thor/invocation.rb:126:in `invoke_command'
/Users/ncheneweth/.rbenv/versions/2.2.0/lib/ruby/gems/2.2.0/gems/thor-0.19.1/lib/thor.rb:359:in `dispatch'
/Users/ncheneweth/.rbenv/versions/2.2.0/lib/ruby/gems/2.2.0/gems/thor-0.19.1/lib/thor/base.rb:440:in `start'
bin/vaquero_io:25:in `block in <main>'
/Users/ncheneweth/Documents/toolkit/vaquero_io/lib/vaquero_io.rb:33:in `with_logging'
bin/vaquero_io:25:in `<main>'
F, [2015-06-03T13:46:09.647318 #57874] FATAL -- vaquero_io: wrong number of arguments (0 for 1)
F, [2015-06-03T13:46:09.682078 #57874] FATAL -- vaquero_io: wrong number of arguments (0 for 1) (ArgumentError)
/Users/ncheneweth/Documents/toolkit/vaquero_io/lib/vaquero_io/provider.rb:59:in `require'
/Users/ncheneweth/Documents/toolkit/vaquero_io/lib/vaquero_io/provider.rb:59:in `resolve_provider'
/Users/ncheneweth/Documents/toolkit/vaquero_io/lib/vaquero_io/provider.rb:9:in `initialize'
/Users/ncheneweth/Documents/toolkit/vaquero_io/lib/vaquero_io/command/init.rb:14:in `new'
/Users/ncheneweth/Documents/toolkit/vaquero_io/lib/vaquero_io/command/init.rb:14:in `call'
/Users/ncheneweth/Documents/toolkit/vaquero_io/lib/vaquero_io/cli.rb:20:in `block in do_command'
/Users/ncheneweth/.rbenv/versions/2.2.0/lib/ruby/2.2.0/benchmark.rb:288:in `measure'
/Users/ncheneweth/Documents/toolkit/vaquero_io/lib/vaquero_io/cli.rb:13:in `do_command'
/Users/ncheneweth/Documents/toolkit/vaquero_io/lib/vaquero_io/cli.rb:50:in `init'
/Users/ncheneweth/.rbenv/versions/2.2.0/lib/ruby/gems/2.2.0/gems/thor-0.19.1/lib/thor/command.rb:27:in `run'
/Users/ncheneweth/.rbenv/versions/2.2.0/lib/ruby/gems/2.2.0/gems/thor-0.19.1/lib/thor/invocation.rb:126:in `invoke_command'
/Users/ncheneweth/.rbenv/versions/2.2.0/lib/ruby/gems/2.2.0/gems/thor-0.19.1/lib/thor.rb:359:in `dispatch'
/Users/ncheneweth/.rbenv/versions/2.2.0/lib/ruby/gems/2.2.0/gems/thor-0.19.1/lib/thor/base.rb:440:in `start'
bin/vaquero_io:25:in `block in <main>'
/Users/ncheneweth/Documents/toolkit/vaquero_io/lib/vaquero_io.rb:33:in `with_logging'
bin/vaquero_io:25:in `<main>'
F, [2015-06-03T13:52:32.170294 #58093] FATAL -- vaquero_io: no implicit conversion of String into Integer
F, [2015-06-03T13:52:32.210497 #58093] FATAL -- vaquero_io: no implicit conversion of String into Integer (TypeError)
/Users/ncheneweth/Documents/toolkit/vaquero_io/lib/vaquero_io/provider.rb:52:in `fetch'
/Users/ncheneweth/Documents/toolkit/vaquero_io/lib/vaquero_io/provider.rb:52:in `resolve_provider'
/Users/ncheneweth/Documents/toolkit/vaquero_io/lib/vaquero_io/provider.rb:9:in `initialize'
/Users/ncheneweth/Documents/toolkit/vaquero_io/lib/vaquero_io/command/init.rb:14:in `new'
/Users/ncheneweth/Documents/toolkit/vaquero_io/lib/vaquero_io/command/init.rb:14:in `call'
/Users/ncheneweth/Documents/toolkit/vaquero_io/lib/vaquero_io/cli.rb:20:in `block in do_command'
/Users/ncheneweth/.rbenv/versions/2.2.0/lib/ruby/2.2.0/benchmark.rb:288:in `measure'
/Users/ncheneweth/Documents/toolkit/vaquero_io/lib/vaquero_io/cli.rb:13:in `do_command'
/Users/ncheneweth/Documents/toolkit/vaquero_io/lib/vaquero_io/cli.rb:50:in `init'
/Users/ncheneweth/.rbenv/versions/2.2.0/lib/ruby/gems/2.2.0/gems/thor-0.19.1/lib/thor/command.rb:27:in `run'
/Users/ncheneweth/.rbenv/versions/2.2.0/lib/ruby/gems/2.2.0/gems/thor-0.19.1/lib/thor/invocation.rb:126:in `invoke_command'
/Users/ncheneweth/.rbenv/versions/2.2.0/lib/ruby/gems/2.2.0/gems/thor-0.19.1/lib/thor.rb:359:in `dispatch'
/Users/ncheneweth/.rbenv/versions/2.2.0/lib/ruby/gems/2.2.0/gems/thor-0.19.1/lib/thor/base.rb:440:in `start'
bin/vaquero_io:25:in `block in <main>'
/Users/ncheneweth/Documents/toolkit/vaquero_io/lib/vaquero_io.rb:33:in `with_logging'
bin/vaquero_io:25:in `<main>'
F, [2015-06-03T13:53:01.199295 #58175] FATAL -- vaquero_io: no implicit conversion of String into Integer
F, [2015-06-03T13:53:01.201316 #58175] FATAL -- vaquero_io: no implicit conversion of String into Integer (TypeError)
/Users/ncheneweth/Documents/toolkit/vaquero_io/lib/vaquero_io/provider.rb:53:in `fetch'
/Users/ncheneweth/Documents/toolkit/vaquero_io/lib/vaquero_io/provider.rb:53:in `resolve_provider'
/Users/ncheneweth/Documents/toolkit/vaquero_io/lib/vaquero_io/provider.rb:9:in `initialize'
/Users/ncheneweth/Documents/toolkit/vaquero_io/lib/vaquero_io/command/init.rb:14:in `new'
/Users/ncheneweth/Documents/toolkit/vaquero_io/lib/vaquero_io/command/init.rb:14:in `call'
/Users/ncheneweth/Documents/toolkit/vaquero_io/lib/vaquero_io/cli.rb:20:in `block in do_command'
/Users/ncheneweth/.rbenv/versions/2.2.0/lib/ruby/2.2.0/benchmark.rb:288:in `measure'
/Users/ncheneweth/Documents/toolkit/vaquero_io/lib/vaquero_io/cli.rb:13:in `do_command'
/Users/ncheneweth/Documents/toolkit/vaquero_io/lib/vaquero_io/cli.rb:50:in `init'
/Users/ncheneweth/.rbenv/versions/2.2.0/lib/ruby/gems/2.2.0/gems/thor-0.19.1/lib/thor/command.rb:27:in `run'
/Users/ncheneweth/.rbenv/versions/2.2.0/lib/ruby/gems/2.2.0/gems/thor-0.19.1/lib/thor/invocation.rb:126:in `invoke_command'
/Users/ncheneweth/.rbenv/versions/2.2.0/lib/ruby/gems/2.2.0/gems/thor-0.19.1/lib/thor.rb:359:in `dispatch'
/Users/ncheneweth/.rbenv/versions/2.2.0/lib/ruby/gems/2.2.0/gems/thor-0.19.1/lib/thor/base.rb:440:in `start'
bin/vaquero_io:25:in `block in <main>'
/Users/ncheneweth/Documents/toolkit/vaquero_io/lib/vaquero_io.rb:33:in `with_logging'
bin/vaquero_io:25:in `<main>'
F, [2015-06-03T13:53:35.790894 #58239] FATAL -- vaquero_io: wrong number of arguments (0 for 1)
F, [2015-06-03T13:53:35.792891 #58239] FATAL -- vaquero_io: wrong number of arguments (0 for 1) (ArgumentError)
/Users/ncheneweth/Documents/toolkit/vaquero_io/lib/vaquero_io/provider.rb:60:in `require'
/Users/ncheneweth/Documents/toolkit/vaquero_io/lib/vaquero_io/provider.rb:60:in `resolve_provider'
/Users/ncheneweth/Documents/toolkit/vaquero_io/lib/vaquero_io/provider.rb:9:in `initialize'
/Users/ncheneweth/Documents/toolkit/vaquero_io/lib/vaquero_io/command/init.rb:14:in `new'
/Users/ncheneweth/Documents/toolkit/vaquero_io/lib/vaquero_io/command/init.rb:14:in `call'
/Users/ncheneweth/Documents/toolkit/vaquero_io/lib/vaquero_io/cli.rb:20:in `block in do_command'
/Users/ncheneweth/.rbenv/versions/2.2.0/lib/ruby/2.2.0/benchmark.rb:288:in `measure'
/Users/ncheneweth/Documents/toolkit/vaquero_io/lib/vaquero_io/cli.rb:13:in `do_command'
/Users/ncheneweth/Documents/toolkit/vaquero_io/lib/vaquero_io/cli.rb:50:in `init'
/Users/ncheneweth/.rbenv/versions/2.2.0/lib/ruby/gems/2.2.0/gems/thor-0.19.1/lib/thor/command.rb:27:in `run'
/Users/ncheneweth/.rbenv/versions/2.2.0/lib/ruby/gems/2.2.0/gems/thor-0.19.1/lib/thor/invocation.rb:126:in `invoke_command'
/Users/ncheneweth/.rbenv/versions/2.2.0/lib/ruby/gems/2.2.0/gems/thor-0.19.1/lib/thor.rb:359:in `dispatch'
/Users/ncheneweth/.rbenv/versions/2.2.0/lib/ruby/gems/2.2.0/gems/thor-0.19.1/lib/thor/base.rb:440:in `start'
bin/vaquero_io:25:in `block in <main>'
/Users/ncheneweth/Documents/toolkit/vaquero_io/lib/vaquero_io.rb:33:in `with_logging'
bin/vaquero_io:25:in `<main>'
F, [2015-06-03T13:54:59.943652 #58278] FATAL -- vaquero_io: wrong number of arguments (0 for 1)
F, [2015-06-03T13:54:59.982364 #58278] FATAL -- vaquero_io: wrong number of arguments (0 for 1) (ArgumentError)
/Users/ncheneweth/Documents/toolkit/vaquero_io/lib/vaquero_io/provider.rb:57:in `require'
/Users/ncheneweth/Documents/toolkit/vaquero_io/lib/vaquero_io/provider.rb:57:in `resolve_provider'
/Users/ncheneweth/Documents/toolkit/vaquero_io/lib/vaquero_io/provider.rb:9:in `initialize'
/Users/ncheneweth/Documents/toolkit/vaquero_io/lib/vaquero_io/command/init.rb:14:in `new'
/Users/ncheneweth/Documents/toolkit/vaquero_io/lib/vaquero_io/command/init.rb:14:in `call'
/Users/ncheneweth/Documents/toolkit/vaquero_io/lib/vaquero_io/cli.rb:20:in `block in do_command'
/Users/ncheneweth/.rbenv/versions/2.2.0/lib/ruby/2.2.0/benchmark.rb:288:in `measure'
/Users/ncheneweth/Documents/toolkit/vaquero_io/lib/vaquero_io/cli.rb:13:in `do_command'
/Users/ncheneweth/Documents/toolkit/vaquero_io/lib/vaquero_io/cli.rb:50:in `init'
/Users/ncheneweth/.rbenv/versions/2.2.0/lib/ruby/gems/2.2.0/gems/thor-0.19.1/lib/thor/command.rb:27:in `run'
/Users/ncheneweth/.rbenv/versions/2.2.0/lib/ruby/gems/2.2.0/gems/thor-0.19.1/lib/thor/invocation.rb:126:in `invoke_command'
/Users/ncheneweth/.rbenv/versions/2.2.0/lib/ruby/gems/2.2.0/gems/thor-0.19.1/lib/thor.rb:359:in `dispatch'
/Users/ncheneweth/.rbenv/versions/2.2.0/lib/ruby/gems/2.2.0/gems/thor-0.19.1/lib/thor/base.rb:440:in `start'
bin/vaquero_io:25:in `block in <main>'
/Users/ncheneweth/Documents/toolkit/vaquero_io/lib/vaquero_io.rb:33:in `with_logging'
bin/vaquero_io:25:in `<main>'
F, [2015-06-03T13:55:22.501865 #58318] FATAL -- vaquero_io: wrong number of arguments (0 for 1)
F, [2015-06-03T13:55:22.504116 #58318] FATAL -- vaquero_io: wrong number of arguments (0 for 1) (ArgumentError)
/Users/ncheneweth/Documents/toolkit/vaquero_io/lib/vaquero_io/provider.rb:57:in `require'
/Users/ncheneweth/Documents/toolkit/vaquero_io/lib/vaquero_io/provider.rb:57:in `resolve_provider'
/Users/ncheneweth/Documents/toolkit/vaquero_io/lib/vaquero_io/provider.rb:9:in `initialize'
/Users/ncheneweth/Documents/toolkit/vaquero_io/lib/vaquero_io/command/init.rb:14:in `new'
/Users/ncheneweth/Documents/toolkit/vaquero_io/lib/vaquero_io/command/init.rb:14:in `call'
/Users/ncheneweth/Documents/toolkit/vaquero_io/lib/vaquero_io/cli.rb:20:in `block in do_command'
/Users/ncheneweth/.rbenv/versions/2.2.0/lib/ruby/2.2.0/benchmark.rb:288:in `measure'
/Users/ncheneweth/Documents/toolkit/vaquero_io/lib/vaquero_io/cli.rb:13:in `do_command'
/Users/ncheneweth/Documents/toolkit/vaquero_io/lib/vaquero_io/cli.rb:50:in `init'
/Users/ncheneweth/.rbenv/versions/2.2.0/lib/ruby/gems/2.2.0/gems/thor-0.19.1/lib/thor/command.rb:27:in `run'
/Users/ncheneweth/.rbenv/versions/2.2.0/lib/ruby/gems/2.2.0/gems/thor-0.19.1/lib/thor/invocation.rb:126:in `invoke_command'
/Users/ncheneweth/.rbenv/versions/2.2.0/lib/ruby/gems/2.2.0/gems/thor-0.19.1/lib/thor.rb:359:in `dispatch'
/Users/ncheneweth/.rbenv/versions/2.2.0/lib/ruby/gems/2.2.0/gems/thor-0.19.1/lib/thor/base.rb:440:in `start'
bin/vaquero_io:25:in `block in <main>'
/Users/ncheneweth/Documents/toolkit/vaquero_io/lib/vaquero_io.rb:33:in `with_logging'
bin/vaquero_io:25:in `<main>'
I, [2015-06-03T13:55:33.285364 #58356]  INFO -- vaquero_io: init: elapsed (0m0.00s)
I, [2015-06-03T13:55:47.993214 #58394]  INFO -- vaquero_io: init: elapsed (0m0.00s)
I, [2015-06-03T13:57:02.399943 #58434]  INFO -- vaquero_io: init: elapsed (0m0.00s)
I, [2015-06-03T13:57:14.686259 #58476]  INFO -- vaquero_io: init: elapsed (0m0.00s)
I, [2015-06-03T14:05:17.823002 #58557]  INFO -- vaquero_io: init: elapsed (0m0.00s)
I, [2015-06-03T14:07:18.981545 #58597]  INFO -- vaquero_io: init: elapsed (0m4.51s)
I, [2015-06-03T14:24:29.746816 #58753]  INFO -- vaquero_io: init: elapsed (0m0.00s)
